<?xml version="1.0" encoding="UTF-8"?>
<testsuites>
    <testsuite name=";" tests="8" failures="0" skipped="1">
        <properties>
            <property name="URI" value="C:/Users/insik/Documents/New folder/coffee-machine/features/black-coffee.feature">
            </property>
        </properties>
        <testcase name="Given that the machine is plugged in" classname=";" time="0.000448699">
        </testcase>
        <testcase name="And that water is available" classname=";" time="0.000116">
        </testcase>
        <testcase name="And that the machine has enough ground coffee" classname=";" time="0.000351">
        </testcase>
        <testcase name="And the machine has plastic cups" classname=";" time="0.000124101">
        </testcase>
        <testcase name="When the user inserts a 10 kr coin" classname=";" time="0.0001235">
        </testcase>
        <testcase name="And the user inserts a 0 kr coin" classname=";" time="0.0000896">
        </testcase>
        <testcase name="And the user presses black coffee button" classname=";" time="0.0001078">
        </testcase>
        <testcase name="Then the user recieves 1 cup of coffee." classname=";">
            <skipped message="">
            </skipped>
        </testcase>
    </testsuite>
    <testsuite name=";" tests="8" failures="0" skipped="1">
        <properties>
            <property name="URI" value="C:/Users/insik/Documents/New folder/coffee-machine/features/black-coffee.feature">
            </property>
        </properties>
        <testcase name="Given that the machine is plugged in" classname=";" time="0.0000916">
        </testcase>
        <testcase name="And that water is available" classname=";" time="0.000105">
        </testcase>
        <testcase name="And that the machine has enough ground coffee" classname=";" time="0.000086401">
        </testcase>
        <testcase name="And the machine has plastic cups" classname=";" time="0.0000611">
        </testcase>
        <testcase name="When the user inserts a 5 kr coin" classname=";" time="0.000046399">
        </testcase>
        <testcase name="And the user inserts a 5 kr coin" classname=";" time="0.0000428">
        </testcase>
        <testcase name="And the user presses black coffee button" classname=";" time="0.000027999">
        </testcase>
        <testcase name="Then the user recieves 1 cup of coffee." classname=";">
            <skipped message="">
            </skipped>
        </testcase>
    </testsuite>
    <testsuite name=";" tests="8" failures="0" skipped="1">
        <properties>
            <property name="URI" value="C:/Users/insik/Documents/New folder/coffee-machine/features/black-coffee.feature">
            </property>
        </properties>
        <testcase name="Given that the machine is plugged in" classname=";" time="0.0000529">
        </testcase>
        <testcase name="And that water is available" classname=";" time="0.000085401">
        </testcase>
        <testcase name="And that the machine has enough ground coffee" classname=";" time="0.0000782">
        </testcase>
        <testcase name="And the machine has plastic cups" classname=";" time="0.0000597">
        </testcase>
        <testcase name="When the user inserts a 1 kr coin" classname=";" time="0.0000755">
        </testcase>
        <testcase name="And the user inserts a 1 kr coin" classname=";" time="0.000061">
        </testcase>
        <testcase name="And the user presses black coffee button" classname=";" time="0.0000311">
        </testcase>
        <testcase name="Then the user recieves 0 cup of coffee." classname=";">
            <skipped message="">
            </skipped>
        </testcase>
    </testsuite>
    <testsuite name=";" tests="8" failures="0" skipped="1">
        <properties>
            <property name="URI" value="C:/Users/insik/Documents/New folder/coffee-machine/features/black-coffee.feature">
            </property>
        </properties>
        <testcase name="Given that the machine is plugged in" classname=";" time="0.000044599">
        </testcase>
        <testcase name="And that water is available" classname=";" time="0.000082799">
        </testcase>
        <testcase name="And that the machine has enough ground coffee" classname=";" time="0.000099799">
        </testcase>
        <testcase name="And the machine has plastic cups" classname=";" time="0.0000593">
        </testcase>
        <testcase name="When the user inserts a &quot;byxknapp&quot; kr coin" classname=";" time="0.000689899">
        </testcase>
        <testcase name="And the user inserts a 1 kr coin" classname=";" time="0.0000417">
        </testcase>
        <testcase name="And the user presses black coffee button" classname=";" time="0.000029401">
        </testcase>
        <testcase name="Then the user recieves 0 cup of coffee." classname=";">
            <skipped message="">
            </skipped>
        </testcase>
    </testsuite>
    <testsuite name=";" tests="8" failures="0" skipped="1">
        <properties>
            <property name="URI" value="C:/Users/insik/Documents/New folder/coffee-machine/features/black-coffee.feature">
            </property>
        </properties>
        <testcase name="Given that the machine is plugged in" classname=";" time="0.000052201">
        </testcase>
        <testcase name="And that water is available" classname=";" time="0.0000619">
        </testcase>
        <testcase name="And that the machine has enough ground coffee" classname=";" time="0.0000782">
        </testcase>
        <testcase name="And the machine has plastic cups" classname=";" time="0.000053901">
        </testcase>
        <testcase name="When the user inserts a 0 kr coin" classname=";" time="0.000040201">
        </testcase>
        <testcase name="And the user inserts a 10 kr coin" classname=";" time="0.000050101">
        </testcase>
        <testcase name="And the user presses black coffee button" classname=";" time="0.000027001">
        </testcase>
        <testcase name="Then the user recieves 1 cup of coffee." classname=";">
            <skipped message="">
            </skipped>
        </testcase>
    </testsuite>
    <testsuite name=";" tests="9" failures="0" skipped="2">
        <properties>
            <property name="URI" value="C:/Users/insik/Documents/New folder/coffee-machine/features/coffee-milk.feature">
            </property>
        </properties>
        <testcase name="Given that the machine is plugged in" classname=";" time="0.0000601">
        </testcase>
        <testcase name="And that water is available" classname=";" time="0.000049901">
        </testcase>
        <testcase name="And that the machine has enough ground coffee" classname=";" time="0.000053701">
        </testcase>
        <testcase name="And that the machine has enough powdered milk" classname=";" time="0.0001839">
        </testcase>
        <testcase name="And the machine has plastic cups" classname=";" time="0.000043701">
        </testcase>
        <testcase name="When the user inserts a 10 kr coin" classname=";" time="0.000037799">
        </testcase>
        <testcase name="And the user inserts a 0 kr coin" classname=";" time="0.000037201">
        </testcase>
        <testcase name="And the user presses the coffee with milk button" classname=";">
            <skipped message="">
            </skipped>
        </testcase>
        <testcase name="Then the user recieves 1 cup of coffee with milk." classname=";">
            <skipped message="">
            </skipped>
        </testcase>
    </testsuite>
    <testsuite name=";" tests="9" failures="0" skipped="2">
        <properties>
            <property name="URI" value="C:/Users/insik/Documents/New folder/coffee-machine/features/coffee-milk.feature">
            </property>
        </properties>
        <testcase name="Given that the machine is plugged in" classname=";" time="0.0000914">
        </testcase>
        <testcase name="And that water is available" classname=";" time="0.000086401">
        </testcase>
        <testcase name="And that the machine has enough ground coffee" classname=";" time="0.000071801">
        </testcase>
        <testcase name="And that the machine has enough powdered milk" classname=";" time="0.000054801">
        </testcase>
        <testcase name="And the machine has plastic cups" classname=";" time="0.000040699">
        </testcase>
        <testcase name="When the user inserts a 5 kr coin" classname=";" time="0.000033">
        </testcase>
        <testcase name="And the user inserts a 5 kr coin" classname=";" time="0.000036999">
        </testcase>
        <testcase name="And the user presses the coffee with milk button" classname=";">
            <skipped message="">
            </skipped>
        </testcase>
        <testcase name="Then the user recieves 1 cup of coffee with milk." classname=";">
            <skipped message="">
            </skipped>
        </testcase>
    </testsuite>
    <testsuite name=";" tests="9" failures="0" skipped="2">
        <properties>
            <property name="URI" value="C:/Users/insik/Documents/New folder/coffee-machine/features/coffee-milk.feature">
            </property>
        </properties>
        <testcase name="Given that the machine is plugged in" classname=";" time="0.0000765">
        </testcase>
        <testcase name="And that water is available" classname=";" time="0.000077801">
        </testcase>
        <testcase name="And that the machine has enough ground coffee" classname=";" time="0.000094">
        </testcase>
        <testcase name="And that the machine has enough powdered milk" classname=";" time="0.000069601">
        </testcase>
        <testcase name="And the machine has plastic cups" classname=";" time="0.0000456">
        </testcase>
        <testcase name="When the user inserts a 1 kr coin" classname=";" time="0.000085899">
        </testcase>
        <testcase name="And the user inserts a 1 kr coin" classname=";" time="0.000067101">
        </testcase>
        <testcase name="And the user presses the coffee with milk button" classname=";">
            <skipped message="">
            </skipped>
        </testcase>
        <testcase name="Then the user recieves 0 cup of coffee with milk." classname=";">
            <skipped message="">
            </skipped>
        </testcase>
    </testsuite>
    <testsuite name=";" tests="9" failures="0" skipped="2">
        <properties>
            <property name="URI" value="C:/Users/insik/Documents/New folder/coffee-machine/features/coffee-milk.feature">
            </property>
        </properties>
        <testcase name="Given that the machine is plugged in" classname=";" time="0.0000428">
        </testcase>
        <testcase name="And that water is available" classname=";" time="0.000065601">
        </testcase>
        <testcase name="And that the machine has enough ground coffee" classname=";" time="0.000095701">
        </testcase>
        <testcase name="And that the machine has enough powdered milk" classname=";" time="0.000093601">
        </testcase>
        <testcase name="And the machine has plastic cups" classname=";" time="0.000052499">
        </testcase>
        <testcase name="When the user inserts a &quot;byxknapp&quot; kr coin" classname=";" time="0.000161601">
        </testcase>
        <testcase name="And the user inserts a 1 kr coin" classname=";" time="0.0000435">
        </testcase>
        <testcase name="And the user presses the coffee with milk button" classname=";">
            <skipped message="">
            </skipped>
        </testcase>
        <testcase name="Then the user recieves 0 cup of coffee with milk." classname=";">
            <skipped message="">
            </skipped>
        </testcase>
    </testsuite>
    <testsuite name=";" tests="9" failures="0" skipped="2">
        <properties>
            <property name="URI" value="C:/Users/insik/Documents/New folder/coffee-machine/features/coffee-milk.feature">
            </property>
        </properties>
        <testcase name="Given that the machine is plugged in" classname=";" time="0.0000716">
        </testcase>
        <testcase name="And that water is available" classname=";" time="0.0000701">
        </testcase>
        <testcase name="And that the machine has enough ground coffee" classname=";" time="0.000068601">
        </testcase>
        <testcase name="And that the machine has enough powdered milk" classname=";" time="0.0000581">
        </testcase>
        <testcase name="And the machine has plastic cups" classname=";" time="0.000067901">
        </testcase>
        <testcase name="When the user inserts a 0 kr coin" classname=";" time="0.0000759">
        </testcase>
        <testcase name="And the user inserts a 10 kr coin" classname=";" time="0.000042501">
        </testcase>
        <testcase name="And the user presses the coffee with milk button" classname=";">
            <skipped message="">
            </skipped>
        </testcase>
        <testcase name="Then the user recieves 1 cup of coffee with milk." classname=";">
            <skipped message="">
            </skipped>
        </testcase>
    </testsuite>
    <testsuite name=";missing-coffee-powder" tests="8" failures="0" skipped="7">
        <properties>
            <property name="URI" value="C:/Users/insik/Documents/New folder/coffee-machine/features/coffee-missing-stuff.feature">
            </property>
        </properties>
        <testcase name="Given that the customer has inserted enough money" classname=";missing-coffee-powder" time="0.0001064">
        </testcase>
        <testcase name="And pressed black coffee button" classname=";missing-coffee-powder">
            <skipped message="">
            </skipped>
        </testcase>
        <testcase name="Given that the machine is plugged in" classname=";missing-coffee-powder">
            <skipped message="">
            </skipped>
        </testcase>
        <testcase name="And that water is available" classname=";missing-coffee-powder">
            <skipped message="">
            </skipped>
        </testcase>
        <testcase name="And that the machine don´t have enough coffee" classname=";missing-coffee-powder">
            <skipped message="">
            </skipped>
        </testcase>
        <testcase name="And the machine has plastic cups" classname=";missing-coffee-powder">
            <skipped message="">
            </skipped>
        </testcase>
        <testcase name="Then the customer gets no coffee" classname=";missing-coffee-powder">
            <skipped message="">
            </skipped>
        </testcase>
        <testcase name="And the display shows &quot;Out of coffee powder&quot;" classname=";missing-coffee-powder">
            <skipped message="">
            </skipped>
        </testcase>
    </testsuite>
    <testsuite name=";missing-plastic-cups-powder" tests="8" failures="0" skipped="7">
        <properties>
            <property name="URI" value="C:/Users/insik/Documents/New folder/coffee-machine/features/coffee-missing-stuff.feature">
            </property>
        </properties>
        <testcase name="Given that the customer has inserted enough money" classname=";missing-plastic-cups-powder" time="0.000041199">
        </testcase>
        <testcase name="And pressed black coffee button" classname=";missing-plastic-cups-powder">
            <skipped message="">
            </skipped>
        </testcase>
        <testcase name="Given that the machine is plugged in" classname=";missing-plastic-cups-powder">
            <skipped message="">
            </skipped>
        </testcase>
        <testcase name="And that water is available" classname=";missing-plastic-cups-powder">
            <skipped message="">
            </skipped>
        </testcase>
        <testcase name="And that the machine have enough coffee" classname=";missing-plastic-cups-powder">
            <skipped message="">
            </skipped>
        </testcase>
        <testcase name="And the machine has no plastic cups" classname=";missing-plastic-cups-powder">
            <skipped message="">
            </skipped>
        </testcase>
        <testcase name="Then the customer gets no coffee" classname=";missing-plastic-cups-powder">
            <skipped message="">
            </skipped>
        </testcase>
        <testcase name="And the display shows &quot;Out of plastic cups&quot;" classname=";missing-plastic-cups-powder">
            <skipped message="">
            </skipped>
        </testcase>
    </testsuite>
    <testsuite name=";missing-water" tests="8" failures="0" skipped="7">
        <properties>
            <property name="URI" value="C:/Users/insik/Documents/New folder/coffee-machine/features/coffee-missing-stuff.feature">
            </property>
        </properties>
        <testcase name="Given that the customer has inserted enough money" classname=";missing-water" time="0.000043901">
        </testcase>
        <testcase name="And pressed black coffee button" classname=";missing-water">
            <skipped message="">
            </skipped>
        </testcase>
        <testcase name="Given that the machine is plugged in" classname=";missing-water">
            <skipped message="">
            </skipped>
        </testcase>
        <testcase name="And that water is not available" classname=";missing-water">
            <skipped message="">
            </skipped>
        </testcase>
        <testcase name="And that the machine have enough coffee" classname=";missing-water">
            <skipped message="">
            </skipped>
        </testcase>
        <testcase name="And the machine has plastic cups" classname=";missing-water">
            <skipped message="">
            </skipped>
        </testcase>
        <testcase name="Then the customer gets no coffee" classname=";missing-water">
            <skipped message="">
            </skipped>
        </testcase>
        <testcase name="And the display shows &quot;No water available&quot;" classname=";missing-water">
            <skipped message="">
            </skipped>
        </testcase>
    </testsuite>
    <testsuite name=";missing-coffee-powder" tests="9" failures="0" skipped="8">
        <properties>
            <property name="URI" value="C:/Users/insik/Documents/New folder/coffee-machine/features/coffee-witch-milk-missing-stuff.feature">
            </property>
        </properties>
        <testcase name="Given that the customer has inserted enough money" classname=";missing-coffee-powder" time="0.000041699">
        </testcase>
        <testcase name="And pressed coffee with milk button" classname=";missing-coffee-powder">
            <skipped message="">
            </skipped>
        </testcase>
        <testcase name="Given that the machine is plugged in" classname=";missing-coffee-powder">
            <skipped message="">
            </skipped>
        </testcase>
        <testcase name="And that water is available" classname=";missing-coffee-powder">
            <skipped message="">
            </skipped>
        </testcase>
        <testcase name="And that the machine don´t have enough coffee" classname=";missing-coffee-powder">
            <skipped message="">
            </skipped>
        </testcase>
        <testcase name="And that the machine have enough milk powder" classname=";missing-coffee-powder">
            <skipped message="">
            </skipped>
        </testcase>
        <testcase name="And the machine has plastic cups" classname=";missing-coffee-powder">
            <skipped message="">
            </skipped>
        </testcase>
        <testcase name="Then the customer gets no coffee" classname=";missing-coffee-powder">
            <skipped message="">
            </skipped>
        </testcase>
        <testcase name="And the display shows &quot;Out of coffee powder&quot;" classname=";missing-coffee-powder">
            <skipped message="">
            </skipped>
        </testcase>
    </testsuite>
    <testsuite name=";missing-milk-powder" tests="9" failures="0" skipped="8">
        <properties>
            <property name="URI" value="C:/Users/insik/Documents/New folder/coffee-machine/features/coffee-witch-milk-missing-stuff.feature">
            </property>
        </properties>
        <testcase name="Given that the customer has inserted enough money" classname=";missing-milk-powder" time="0.0000411">
        </testcase>
        <testcase name="And pressed coffee with milk button" classname=";missing-milk-powder">
            <skipped message="">
            </skipped>
        </testcase>
        <testcase name="Given that the machine is plugged in" classname=";missing-milk-powder">
            <skipped message="">
            </skipped>
        </testcase>
        <testcase name="And that water is available" classname=";missing-milk-powder">
            <skipped message="">
            </skipped>
        </testcase>
        <testcase name="And that the machine have enough coffee" classname=";missing-milk-powder">
            <skipped message="">
            </skipped>
        </testcase>
        <testcase name="And that the machine have enough milk powder" classname=";missing-milk-powder">
            <skipped message="">
            </skipped>
        </testcase>
        <testcase name="And the machine has plastic cups" classname=";missing-milk-powder">
            <skipped message="">
            </skipped>
        </testcase>
        <testcase name="Then the customer gets no coffee" classname=";missing-milk-powder">
            <skipped message="">
            </skipped>
        </testcase>
        <testcase name="And the display shows &quot;Out of milk powder&quot;" classname=";missing-milk-powder">
            <skipped message="">
            </skipped>
        </testcase>
    </testsuite>
    <testsuite name=";missing-plastic-cups-powder" tests="9" failures="0" skipped="8">
        <properties>
            <property name="URI" value="C:/Users/insik/Documents/New folder/coffee-machine/features/coffee-witch-milk-missing-stuff.feature">
            </property>
        </properties>
        <testcase name="Given that the customer has inserted enough money" classname=";missing-plastic-cups-powder" time="0.000043399">
        </testcase>
        <testcase name="And pressed coffee with milk button" classname=";missing-plastic-cups-powder">
            <skipped message="">
            </skipped>
        </testcase>
        <testcase name="Given that the machine is plugged in" classname=";missing-plastic-cups-powder">
            <skipped message="">
            </skipped>
        </testcase>
        <testcase name="And that water is available" classname=";missing-plastic-cups-powder">
            <skipped message="">
            </skipped>
        </testcase>
        <testcase name="And that the machine have enough coffee" classname=";missing-plastic-cups-powder">
            <skipped message="">
            </skipped>
        </testcase>
        <testcase name="And that the machine have enough milk powder" classname=";missing-plastic-cups-powder">
            <skipped message="">
            </skipped>
        </testcase>
        <testcase name="And the machine has no plastic cups" classname=";missing-plastic-cups-powder">
            <skipped message="">
            </skipped>
        </testcase>
        <testcase name="Then the customer gets no coffee" classname=";missing-plastic-cups-powder">
            <skipped message="">
            </skipped>
        </testcase>
        <testcase name="And the display shows &quot;Out of plastic cups&quot;" classname=";missing-plastic-cups-powder">
            <skipped message="">
            </skipped>
        </testcase>
    </testsuite>
    <testsuite name=";missing-water" tests="8" failures="0" skipped="7">
        <properties>
            <property name="URI" value="C:/Users/insik/Documents/New folder/coffee-machine/features/coffee-witch-milk-missing-stuff.feature">
            </property>
        </properties>
        <testcase name="Given that the customer has inserted enough money" classname=";missing-water" time="0.000037901">
        </testcase>
        <testcase name="And pressed coffee with milk button" classname=";missing-water">
            <skipped message="">
            </skipped>
        </testcase>
        <testcase name="Given that the machine is plugged in" classname=";missing-water">
            <skipped message="">
            </skipped>
        </testcase>
        <testcase name="And that water is not available" classname=";missing-water">
            <skipped message="">
            </skipped>
        </testcase>
        <testcase name="And that the machine have enough coffee" classname=";missing-water">
            <skipped message="">
            </skipped>
        </testcase>
        <testcase name="And the machine has plastic cups" classname=";missing-water">
            <skipped message="">
            </skipped>
        </testcase>
        <testcase name="Then the customer gets no coffee" classname=";missing-water">
            <skipped message="">
            </skipped>
        </testcase>
        <testcase name="And the display shows &quot;No water available&quot;" classname=";missing-water">
            <skipped message="">
            </skipped>
        </testcase>
    </testsuite>
    <testsuite name=";" tests="8" failures="0" skipped="1">
        <properties>
            <property name="URI" value="C:/Users/insik/Documents/New folder/coffee-machine/features/hot-chocoalte.feature">
            </property>
        </properties>
        <testcase name="Given that the machine is plugged in" classname=";" time="0.0000428">
        </testcase>
        <testcase name="And that water is available" classname=";" time="0.000039399">
        </testcase>
        <testcase name="And that the machine has enough chocolate powder" classname=";" time="0.0001755">
        </testcase>
        <testcase name="And the machine has plastic cups" classname=";" time="0.000052201">
        </testcase>
        <testcase name="When the user inserts a 10 kr coin" classname=";" time="0.0000323">
        </testcase>
        <testcase name="And the user inserts a 0 kr coin" classname=";" time="0.0000325">
        </testcase>
        <testcase name="And the user presses the hot chocolate button" classname=";" time="0.0000738">
        </testcase>
        <testcase name="Then the user recieves 1 cup of hot chocolate." classname=";">
            <skipped message="">
            </skipped>
        </testcase>
    </testsuite>
    <testsuite name=";" tests="8" failures="0" skipped="1">
        <properties>
            <property name="URI" value="C:/Users/insik/Documents/New folder/coffee-machine/features/hot-chocoalte.feature">
            </property>
        </properties>
        <testcase name="Given that the machine is plugged in" classname=";" time="0.0000631">
        </testcase>
        <testcase name="And that water is available" classname=";" time="0.000040701">
        </testcase>
        <testcase name="And that the machine has enough chocolate powder" classname=";" time="0.000041201">
        </testcase>
        <testcase name="And the machine has plastic cups" classname=";" time="0.0000469">
        </testcase>
        <testcase name="When the user inserts a 5 kr coin" classname=";" time="0.000034599">
        </testcase>
        <testcase name="And the user inserts a 5 kr coin" classname=";" time="0.000033299">
        </testcase>
        <testcase name="And the user presses the hot chocolate button" classname=";" time="0.0000351">
        </testcase>
        <testcase name="Then the user recieves 1 cup of hot chocolate." classname=";">
            <skipped message="">
            </skipped>
        </testcase>
    </testsuite>
    <testsuite name=";" tests="8" failures="0" skipped="1">
        <properties>
            <property name="URI" value="C:/Users/insik/Documents/New folder/coffee-machine/features/hot-chocoalte.feature">
            </property>
        </properties>
        <testcase name="Given that the machine is plugged in" classname=";" time="0.0000537">
        </testcase>
        <testcase name="And that water is available" classname=";" time="0.000064399">
        </testcase>
        <testcase name="And that the machine has enough chocolate powder" classname=";" time="0.000081199">
        </testcase>
        <testcase name="And the machine has plastic cups" classname=";" time="0.000058401">
        </testcase>
        <testcase name="When the user inserts a 1 kr coin" classname=";" time="0.0000424">
        </testcase>
        <testcase name="And the user inserts a 1 kr coin" classname=";" time="0.0000446">
        </testcase>
        <testcase name="And the user presses the hot chocolate button" classname=";" time="0.000037699">
        </testcase>
        <testcase name="Then the user recieves 0 cup of hot chocolate." classname=";">
            <skipped message="">
            </skipped>
        </testcase>
    </testsuite>
    <testsuite name=";" tests="8" failures="0" skipped="1">
        <properties>
            <property name="URI" value="C:/Users/insik/Documents/New folder/coffee-machine/features/hot-chocoalte.feature">
            </property>
        </properties>
        <testcase name="Given that the machine is plugged in" classname=";" time="0.0000523">
        </testcase>
        <testcase name="And that water is available" classname=";" time="0.0000993">
        </testcase>
        <testcase name="And that the machine has enough chocolate powder" classname=";" time="0.000063101">
        </testcase>
        <testcase name="And the machine has plastic cups" classname=";" time="0.0000426">
        </testcase>
        <testcase name="When the user inserts a &quot;byxknapp&quot; kr coin" classname=";" time="0.0001505">
        </testcase>
        <testcase name="And the user inserts a 1 kr coin" classname=";" time="0.0000326">
        </testcase>
        <testcase name="And the user presses the hot chocolate button" classname=";" time="0.0000295">
        </testcase>
        <testcase name="Then the user recieves 0 cup of hot chocolate." classname=";">
            <skipped message="">
            </skipped>
        </testcase>
    </testsuite>
    <testsuite name=";" tests="8" failures="0" skipped="1">
        <properties>
            <property name="URI" value="C:/Users/insik/Documents/New folder/coffee-machine/features/hot-chocoalte.feature">
            </property>
        </properties>
        <testcase name="Given that the machine is plugged in" classname=";" time="0.000040201">
        </testcase>
        <testcase name="And that water is available" classname=";" time="0.000057099">
        </testcase>
        <testcase name="And that the machine has enough chocolate powder" classname=";" time="0.0000699">
        </testcase>
        <testcase name="And the machine has plastic cups" classname=";" time="0.000112599">
        </testcase>
        <testcase name="When the user inserts a 0 kr coin" classname=";" time="0.000060501">
        </testcase>
        <testcase name="And the user inserts a 10 kr coin" classname=";" time="0.0000412">
        </testcase>
        <testcase name="And the user presses the hot chocolate button" classname=";" time="0.000035499">
        </testcase>
        <testcase name="Then the user recieves 1 cup of hot chocolate." classname=";">
            <skipped message="">
            </skipped>
        </testcase>
    </testsuite>
    <testsuite name=";missing-chocolate-powder" tests="8" failures="0" skipped="4">
        <properties>
            <property name="URI" value="C:/Users/insik/Documents/New folder/coffee-machine/features/hot-chocolate-missing-stuff.feature">
            </property>
        </properties>
        <testcase name="Given that the customer has inserted enough money" classname=";missing-chocolate-powder" time="0.0000466">
        </testcase>
        <testcase name="And the user presses the hot chocolate button" classname=";missing-chocolate-powder" time="0.0000332">
        </testcase>
        <testcase name="Given that the machine is plugged in" classname=";missing-chocolate-powder" time="0.0000372">
        </testcase>
        <testcase name="And that water is available" classname=";missing-chocolate-powder" time="0.0000386">
        </testcase>
        <testcase name="And that the machine don´t have enough chocolate powder" classname=";missing-chocolate-powder">
            <skipped message="">
            </skipped>
        </testcase>
        <testcase name="And the machine has plastic cups" classname=";missing-chocolate-powder">
            <skipped message="">
            </skipped>
        </testcase>
        <testcase name="Then the customer gets no chocolate" classname=";missing-chocolate-powder">
            <skipped message="">
            </skipped>
        </testcase>
        <testcase name="And the display shows &quot;Out of chocolate powder&quot;" classname=";missing-chocolate-powder">
            <skipped message="">
            </skipped>
        </testcase>
    </testsuite>
    <testsuite name=";missing-plastic-cups" tests="8" failures="0" skipped="4">
        <properties>
            <property name="URI" value="C:/Users/insik/Documents/New folder/coffee-machine/features/hot-chocolate-missing-stuff.feature">
            </property>
        </properties>
        <testcase name="Given that the customer has inserted enough money" classname=";missing-plastic-cups" time="0.000038199">
        </testcase>
        <testcase name="And the user presses the hot chocolate button" classname=";missing-plastic-cups" time="0.0000464">
        </testcase>
        <testcase name="Given that the machine is plugged in" classname=";missing-plastic-cups" time="0.000117201">
        </testcase>
        <testcase name="And that water is available" classname=";missing-plastic-cups" time="0.0000476">
        </testcase>
        <testcase name="And that the machine have enough chocolate powder" classname=";missing-plastic-cups">
            <skipped message="">
            </skipped>
        </testcase>
        <testcase name="And the machine has no plastic cups" classname=";missing-plastic-cups">
            <skipped message="">
            </skipped>
        </testcase>
        <testcase name="Then the customer gets no coffee" classname=";missing-plastic-cups">
            <skipped message="">
            </skipped>
        </testcase>
        <testcase name="And the display shows &quot;Out of plastic cups&quot;" classname=";missing-plastic-cups">
            <skipped message="">
            </skipped>
        </testcase>
    </testsuite>
    <testsuite name=";missing-water" tests="8" failures="0" skipped="5">
        <properties>
            <property name="URI" value="C:/Users/insik/Documents/New folder/coffee-machine/features/hot-chocolate-missing-stuff.feature">
            </property>
        </properties>
        <testcase name="Given that the customer has inserted enough money" classname=";missing-water" time="0.000041101">
        </testcase>
        <testcase name="And the user presses the hot chocolate button" classname=";missing-water" time="0.0000495">
        </testcase>
        <testcase name="Given that the machine is plugged in" classname=";missing-water" time="0.000081701">
        </testcase>
        <testcase name="And that water is not available" classname=";missing-water">
            <skipped message="">
            </skipped>
        </testcase>
        <testcase name="And that the machine have enough chocolate powder" classname=";missing-water">
            <skipped message="">
            </skipped>
        </testcase>
        <testcase name="And the machine has plastic cups" classname=";missing-water">
            <skipped message="">
            </skipped>
        </testcase>
        <testcase name="Then the customer gets no coffee" classname=";missing-water">
            <skipped message="">
            </skipped>
        </testcase>
        <testcase name="And the display shows &quot;No water available&quot;" classname=";missing-water">
            <skipped message="">
            </skipped>
        </testcase>
    </testsuite>
</testsuites>